<?xml version="1.0" encoding="UTF-8"?>
<!-- Generated by org.testng.reporters.JUnitXMLReporter -->
<testsuite hostname="tvmonbroker" ignored="0" name="Default test" tests="10" failures="0" timestamp="12 Jun 2019 09:54:28 GMT" time="25.11" errors="0">
  <testcase name="verifyFeaturedLanguages" time="3.526" classname="testcases.VerifyHyperlinks"/>
  <testcase name="verifyFeaturedLanguages" time="2.375" classname="testcases.VerifyHyperlinks"/>
  <testcase name="verifyFeaturedLanguages" time="2.37" classname="testcases.VerifyHyperlinks"/>
  <testcase name="verifyFeaturedLanguages" time="2.613" classname="testcases.VerifyHyperlinks"/>
  <testcase name="verifyFeaturedLanguages" time="2.371" classname="testcases.VerifyHyperlinks"/>
  <testcase name="verifyFeaturedLanguages" time="2.364" classname="testcases.VerifyHyperlinks"/>
  <testcase name="verifyFeaturedLanguages" time="2.354" classname="testcases.VerifyHyperlinks"/>
  <testcase name="verifyFeaturedLanguages" time="2.36" classname="testcases.VerifyHyperlinks"/>
  <testcase name="verifyFeaturedLanguages" time="2.357" classname="testcases.VerifyHyperlinks"/>
  <testcase name="verifyFeaturedLanguages" time="2.372" classname="testcases.VerifyHyperlinks"/>
</testsuite> <!-- Default test -->
