<?xml version="1.0" encoding="UTF-8"?>
<!-- Generated by org.testng.reporters.JUnitXMLReporter -->
<testsuite hostname="tvmonbroker" ignored="2" name="Test" tests="2" failures="0" timestamp="03 Jun 2019 09:26:12 GMT" time="9.28" errors="0">
  <testcase name="verifyFeaturedLanguages" time="2.381" classname="testcases.VerifyFeaturedLanguages"/>
  <testcase name="verifyFeaturedLanguages" time="6.867" classname="testcases.VerifyHyperlinks"/>
  <testcase name="@AfterSuite TearDown" time="0.0" classname="base.Testbase">
    <ignored/>
  </testcase> <!-- @AfterSuite TearDown -->
  <testcase name="@BeforeSuite Setup" time="0.0" classname="base.Testbase">
    <ignored/>
  </testcase> <!-- @BeforeSuite Setup -->
</testsuite> <!-- Test -->
