<?xml version="1.0" encoding="UTF-8"?>
<!-- Generated by org.testng.reporters.JUnitXMLReporter -->
<testsuite hostname="tvmonbroker" ignored="2" name="Test" tests="20" failures="0" timestamp="12 Jun 2019 09:57:38 GMT" time="45.423" errors="0">
  <testcase name="verifyFeaturedLanguages" time="2.059" classname="testcases.VerifyFeaturedLanguages"/>
  <testcase name="verifyFeaturedLanguages" time="2.046" classname="testcases.VerifyFeaturedLanguages"/>
  <testcase name="verifyFeaturedLanguages" time="2.036" classname="testcases.VerifyFeaturedLanguages"/>
  <testcase name="verifyFeaturedLanguages" time="2.035" classname="testcases.VerifyFeaturedLanguages"/>
  <testcase name="verifyFeaturedLanguages" time="2.038" classname="testcases.VerifyFeaturedLanguages"/>
  <testcase name="verifyFeaturedLanguages" time="2.038" classname="testcases.VerifyFeaturedLanguages"/>
  <testcase name="verifyFeaturedLanguages" time="2.036" classname="testcases.VerifyFeaturedLanguages"/>
  <testcase name="verifyFeaturedLanguages" time="2.041" classname="testcases.VerifyFeaturedLanguages"/>
  <testcase name="verifyFeaturedLanguages" time="2.044" classname="testcases.VerifyFeaturedLanguages"/>
  <testcase name="verifyFeaturedLanguages" time="2.037" classname="testcases.VerifyFeaturedLanguages"/>
  <testcase name="verifyFeaturedLanguages" time="3.652" classname="testcases.VerifyHyperlinks"/>
  <testcase name="verifyFeaturedLanguages" time="2.382" classname="testcases.VerifyHyperlinks"/>
  <testcase name="verifyFeaturedLanguages" time="2.364" classname="testcases.VerifyHyperlinks"/>
  <testcase name="verifyFeaturedLanguages" time="2.381" classname="testcases.VerifyHyperlinks"/>
  <testcase name="verifyFeaturedLanguages" time="2.374" classname="testcases.VerifyHyperlinks"/>
  <testcase name="verifyFeaturedLanguages" time="2.36" classname="testcases.VerifyHyperlinks"/>
  <testcase name="verifyFeaturedLanguages" time="2.358" classname="testcases.VerifyHyperlinks"/>
  <testcase name="verifyFeaturedLanguages" time="2.364" classname="testcases.VerifyHyperlinks"/>
  <testcase name="verifyFeaturedLanguages" time="2.371" classname="testcases.VerifyHyperlinks"/>
  <testcase name="verifyFeaturedLanguages" time="2.366" classname="testcases.VerifyHyperlinks"/>
  <testcase name="@AfterSuite TearDown" time="0.0" classname="base.Testbase">
    <ignored/>
  </testcase> <!-- @AfterSuite TearDown -->
  <testcase name="@BeforeSuite Setup" time="0.0" classname="base.Testbase">
    <ignored/>
  </testcase> <!-- @BeforeSuite Setup -->
</testsuite> <!-- Test -->
