<?xml version="1.0" encoding="UTF-8"?>
<testng-results skipped="0" failed="0" ignored="2" total="4" passed="2">
  <reporter-output>
  </reporter-output>
  <suite name="Suite" duration-ms="9280" started-at="2019-06-03T09:26:02Z" finished-at="2019-06-03T09:26:12Z">
    <groups>
    </groups>
    <test name="Test" duration-ms="9280" started-at="2019-06-03T09:26:02Z" finished-at="2019-06-03T09:26:12Z">
      <class name="testcases.VerifyHyperlinks">
        <test-method status="PASS" signature="verifyFeaturedLanguages(java.util.Hashtable)[pri:0, instance:testcases.VerifyHyperlinks@1cbbffcd]" name="verifyFeaturedLanguages" duration-ms="6867" started-at="2019-06-03T02:26:05Z" data-provider="dp" finished-at="2019-06-03T02:26:12Z">
          <params>
            <param index="0">
              <value>
                <![CDATA[{Português=pt, English=en, Deutsch=de, Русский=ru, Italiano=it, Français=fr, Español=es, 中文=zh, Polski=pl, 日本語=ja}]]>
              </value>
            </param>
          </params>
          <reporter-output>
          </reporter-output>
        </test-method> <!-- verifyFeaturedLanguages -->
        <test-method status="PASS" signature="getResult(org.testng.ITestResult)[pri:0, instance:testcases.VerifyHyperlinks@1cbbffcd]" name="getResult" is-config="true" duration-ms="0" started-at="2019-06-03T02:26:12Z" finished-at="2019-06-03T02:26:12Z">
          <params>
            <param index="0">
              <value>
                <![CDATA[[TestResult name=verifyFeaturedLanguages status=SUCCESS method=VerifyHyperlinks.verifyFeaturedLanguages(java.util.Hashtable)[pri:0, instance:testcases.VerifyHyperlinks@1cbbffcd] output={null}]]]>
              </value>
            </param>
          </params>
          <reporter-output>
          </reporter-output>
        </test-method> <!-- getResult -->
      </class> <!-- testcases.VerifyHyperlinks -->
      <class name="testcases.VerifyFeaturedLanguages">
        <test-method status="PASS" signature="Setup()[pri:0, instance:testcases.VerifyFeaturedLanguages@31c88ec8]" name="Setup" is-config="true" duration-ms="4682" started-at="2019-06-03T02:25:58Z" finished-at="2019-06-03T02:26:02Z">
          <reporter-output>
          </reporter-output>
        </test-method> <!-- Setup -->
        <test-method status="PASS" signature="verifyFeaturedLanguages(java.util.Hashtable)[pri:0, instance:testcases.VerifyFeaturedLanguages@31c88ec8]" name="verifyFeaturedLanguages" duration-ms="2381" started-at="2019-06-03T02:26:02Z" data-provider="dp" finished-at="2019-06-03T02:26:05Z">
          <params>
            <param index="0">
              <value>
                <![CDATA[{Português=pt, English=en, Deutsch=de, Русский=ru, Italiano=it, Français=fr, Español=es, 中文=zh, Polski=pl, 日本語=ja}]]>
              </value>
            </param>
          </params>
          <reporter-output>
          </reporter-output>
        </test-method> <!-- verifyFeaturedLanguages -->
        <test-method status="PASS" signature="getResult(org.testng.ITestResult)[pri:0, instance:testcases.VerifyFeaturedLanguages@31c88ec8]" name="getResult" is-config="true" duration-ms="3" started-at="2019-06-03T02:26:05Z" finished-at="2019-06-03T02:26:05Z">
          <params>
            <param index="0">
              <value>
                <![CDATA[[TestResult name=verifyFeaturedLanguages status=SUCCESS method=VerifyFeaturedLanguages.verifyFeaturedLanguages(java.util.Hashtable)[pri:0, instance:testcases.VerifyFeaturedLanguages@31c88ec8] output={null}]]]>
              </value>
            </param>
          </params>
          <reporter-output>
          </reporter-output>
        </test-method> <!-- getResult -->
        <test-method status="PASS" signature="TearDown()[pri:0, instance:testcases.VerifyFeaturedLanguages@31c88ec8]" name="TearDown" is-config="true" duration-ms="883" started-at="2019-06-03T02:26:12Z" finished-at="2019-06-03T02:26:12Z">
          <reporter-output>
          </reporter-output>
        </test-method> <!-- TearDown -->
      </class> <!-- testcases.VerifyFeaturedLanguages -->
    </test> <!-- Test -->
  </suite> <!-- Suite -->
</testng-results>
