<?xml version="1.0" encoding="UTF-8"?>
<testng-results skipped="0" failed="0" ignored="0" total="1" passed="1">
  <reporter-output>
  </reporter-output>
  <suite name="Default suite" duration-ms="105446" started-at="2019-05-29T06:37:49Z" finished-at="2019-05-29T06:39:35Z">
    <groups>
    </groups>
    <test name="Default test" duration-ms="105446" started-at="2019-05-29T06:37:49Z" finished-at="2019-05-29T06:39:35Z">
      <class name="testcases.VerifyHyperlinks">
        <test-method status="PASS" signature="Setup()[pri:0, instance:testcases.VerifyHyperlinks@727eb8cb]" name="Setup" is-config="true" duration-ms="5060" started-at="2019-05-28T23:37:44Z" finished-at="2019-05-28T23:37:49Z">
          <reporter-output>
          </reporter-output>
        </test-method> <!-- Setup -->
        <test-method status="PASS" signature="verifyFeaturedLanguages(java.util.Hashtable)[pri:0, instance:testcases.VerifyHyperlinks@727eb8cb]" name="verifyFeaturedLanguages" duration-ms="105406" started-at="2019-05-28T23:37:49Z" data-provider="dp" finished-at="2019-05-28T23:39:35Z">
          <params>
            <param index="0">
              <value>
                <![CDATA[{Português=pt, English=en, Deutsch=de, Русский=ru, Italiano=it, Français=fr, Español=es, 中文=zh, Polski=pl, 日本語=ja}]]>
              </value>
            </param>
          </params>
          <reporter-output>
          </reporter-output>
        </test-method> <!-- verifyFeaturedLanguages -->
        <test-method status="PASS" signature="getResult(org.testng.ITestResult)[pri:0, instance:testcases.VerifyHyperlinks@727eb8cb]" name="getResult" is-config="true" duration-ms="4" started-at="2019-05-28T23:39:35Z" finished-at="2019-05-28T23:39:35Z">
          <params>
            <param index="0">
              <value>
                <![CDATA[[TestResult name=verifyFeaturedLanguages status=SUCCESS method=VerifyHyperlinks.verifyFeaturedLanguages(java.util.Hashtable)[pri:0, instance:testcases.VerifyHyperlinks@727eb8cb] output={null}]]]>
              </value>
            </param>
          </params>
          <reporter-output>
          </reporter-output>
        </test-method> <!-- getResult -->
        <test-method status="PASS" signature="TearDown()[pri:0, instance:testcases.VerifyHyperlinks@727eb8cb]" name="TearDown" is-config="true" duration-ms="996" started-at="2019-05-28T23:39:35Z" finished-at="2019-05-28T23:39:36Z">
          <reporter-output>
          </reporter-output>
        </test-method> <!-- TearDown -->
      </class> <!-- testcases.VerifyHyperlinks -->
    </test> <!-- Default test -->
  </suite> <!-- Default suite -->
</testng-results>
